<?xml version="1.0" encoding="UTF-8"?>
<testsuite name="com.orange.exchange.service.ExchangeHistoryServiceTest" tests="7" skipped="0" failures="0" errors="0" timestamp="2022-11-22T16:26:48" hostname="MDMOB40671" time="0.584">
  <properties/>
  <testcase name="findAllByChangeTo()" classname="com.orange.exchange.service.ExchangeHistoryServiceTest" time="0.118"/>
  <testcase name="findAllByTransactionDate()" classname="com.orange.exchange.service.ExchangeHistoryServiceTest" time="0.076"/>
  <testcase name="findAllByChangeToTransactionDate()" classname="com.orange.exchange.service.ExchangeHistoryServiceTest" time="0.11"/>
  <testcase name="create()" classname="com.orange.exchange.service.ExchangeHistoryServiceTest" time="0.099"/>
  <testcase name="findAllByChangeFromTransactionDate()" classname="com.orange.exchange.service.ExchangeHistoryServiceTest" time="0.082"/>
  <testcase name="findAll()" classname="com.orange.exchange.service.ExchangeHistoryServiceTest" time="0.04"/>
  <testcase name="findAllByChangeFrom()" classname="com.orange.exchange.service.ExchangeHistoryServiceTest" time="0.044"/>
  <system-out><![CDATA[2022-11-22 18:26:48.276  INFO 34248 --- [    Test worker] .b.t.c.SpringBootTestContextBootstrapper : Neither @ContextConfiguration nor @ContextHierarchy found for test class [com.orange.exchange.service.ExchangeHistoryServiceTest], using SpringBootContextLoader
2022-11-22 18:26:48.277  INFO 34248 --- [    Test worker] o.s.t.c.support.AbstractContextLoader    : Could not detect default resource locations for test class [com.orange.exchange.service.ExchangeHistoryServiceTest]: no resource found for suffixes {-context.xml, Context.groovy}.
2022-11-22 18:26:48.278  INFO 34248 --- [    Test worker] t.c.s.AnnotationConfigContextLoaderUtils : Could not detect default configuration classes for test class [com.orange.exchange.service.ExchangeHistoryServiceTest]: ExchangeHistoryServiceTest does not declare any static, non-private, non-final, nested classes annotated with @Configuration.
2022-11-22 18:26:48.292  INFO 34248 --- [    Test worker] .b.t.c.SpringBootTestContextBootstrapper : Found @SpringBootConfiguration com.orange.Application for test class com.orange.exchange.service.ExchangeHistoryServiceTest
2022-11-22 18:26:48.296  INFO 34248 --- [    Test worker] .b.t.c.SpringBootTestContextBootstrapper : Loaded default TestExecutionListener class names from location [META-INF/spring.factories]: [org.springframework.boot.test.autoconfigure.restdocs.RestDocsTestExecutionListener, org.springframework.boot.test.autoconfigure.web.client.MockRestServiceServerResetTestExecutionListener, org.springframework.boot.test.autoconfigure.web.servlet.MockMvcPrintOnlyOnFailureTestExecutionListener, org.springframework.boot.test.autoconfigure.web.servlet.WebDriverTestExecutionListener, org.springframework.boot.test.autoconfigure.webservices.client.MockWebServiceServerTestExecutionListener, org.springframework.boot.test.mock.mockito.MockitoTestExecutionListener, org.springframework.boot.test.mock.mockito.ResetMocksTestExecutionListener, org.springframework.test.context.web.ServletTestExecutionListener, org.springframework.test.context.support.DirtiesContextBeforeModesTestExecutionListener, org.springframework.test.context.event.ApplicationEventsTestExecutionListener, org.springframework.test.context.support.DependencyInjectionTestExecutionListener, org.springframework.test.context.support.DirtiesContextTestExecutionListener, org.springframework.test.context.transaction.TransactionalTestExecutionListener, org.springframework.test.context.jdbc.SqlScriptsTestExecutionListener, org.springframework.test.context.event.EventPublishingTestExecutionListener]
2022-11-22 18:26:48.296  INFO 34248 --- [    Test worker] .b.t.c.SpringBootTestContextBootstrapper : Using TestExecutionListeners: [org.springframework.test.context.web.ServletTestExecutionListener@4948c2db, org.springframework.test.context.support.DirtiesContextBeforeModesTestExecutionListener@d5cbec0, org.springframework.test.context.event.ApplicationEventsTestExecutionListener@33e99277, org.springframework.boot.test.mock.mockito.MockitoTestExecutionListener@7ecac756, org.springframework.boot.test.autoconfigure.SpringBootDependencyInjectionTestExecutionListener@719b8c4e, org.springframework.test.context.support.DirtiesContextTestExecutionListener@19599603, org.springframework.test.context.transaction.TransactionalTestExecutionListener@665cc575, org.springframework.test.context.jdbc.SqlScriptsTestExecutionListener@4e844e9f, org.springframework.test.context.event.EventPublishingTestExecutionListener@63d042fd, org.springframework.boot.test.autoconfigure.restdocs.RestDocsTestExecutionListener@36ec390a, org.springframework.boot.test.autoconfigure.web.client.MockRestServiceServerResetTestExecutionListener@361b25cf, org.springframework.boot.test.autoconfigure.web.servlet.MockMvcPrintOnlyOnFailureTestExecutionListener@5a877525, org.springframework.boot.test.autoconfigure.web.servlet.WebDriverTestExecutionListener@3b210322, org.springframework.boot.test.autoconfigure.webservices.client.MockWebServiceServerTestExecutionListener@6c525925, org.springframework.boot.test.mock.mockito.ResetMocksTestExecutionListener@3082c3d]
Hibernate: select exchangehi0_.id as id1_2_, exchangehi0_.change_from as change_f2_2_, exchangehi0_.change_to as change_t3_2_, exchangehi0_.changed_value as changed_4_2_, exchangehi0_.retrieved_value as retrieve5_2_, exchangehi0_.transaction_date as transact6_2_ from exchange_history exchangehi0_
Hibernate: insert into exchange_history (change_from, change_to, changed_value, retrieved_value, transaction_date) values (?, ?, ?, ?, ?)
Hibernate: insert into exchange_history (change_from, change_to, changed_value, retrieved_value, transaction_date) values (?, ?, ?, ?, ?)
Hibernate: insert into exchange_history (change_from, change_to, changed_value, retrieved_value, transaction_date) values (?, ?, ?, ?, ?)
Hibernate: insert into exchange_history (change_from, change_to, changed_value, retrieved_value, transaction_date) values (?, ?, ?, ?, ?)
Hibernate: insert into exchange_history (change_from, change_to, changed_value, retrieved_value, transaction_date) values (?, ?, ?, ?, ?)
Hibernate: insert into exchange_history (change_from, change_to, changed_value, retrieved_value, transaction_date) values (?, ?, ?, ?, ?)
Hibernate: select exchangehi0_.id as id1_2_, exchangehi0_.change_from as change_f2_2_, exchangehi0_.change_to as change_t3_2_, exchangehi0_.changed_value as changed_4_2_, exchangehi0_.retrieved_value as retrieve5_2_, exchangehi0_.transaction_date as transact6_2_ from exchange_history exchangehi0_ where exchangehi0_.change_to=?
Hibernate: select exchangehi0_.id as id1_2_, exchangehi0_.change_from as change_f2_2_, exchangehi0_.change_to as change_t3_2_, exchangehi0_.changed_value as changed_4_2_, exchangehi0_.retrieved_value as retrieve5_2_, exchangehi0_.transaction_date as transact6_2_ from exchange_history exchangehi0_ where exchangehi0_.change_to=?
Hibernate: select exchangehi0_.id as id1_2_, exchangehi0_.change_from as change_f2_2_, exchangehi0_.change_to as change_t3_2_, exchangehi0_.changed_value as changed_4_2_, exchangehi0_.retrieved_value as retrieve5_2_, exchangehi0_.transaction_date as transact6_2_ from exchange_history exchangehi0_ where exchangehi0_.change_to=?
Hibernate: select exchangehi0_.id as id1_2_, exchangehi0_.change_from as change_f2_2_, exchangehi0_.change_to as change_t3_2_, exchangehi0_.changed_value as changed_4_2_, exchangehi0_.retrieved_value as retrieve5_2_, exchangehi0_.transaction_date as transact6_2_ from exchange_history exchangehi0_ where exchangehi0_.change_to=?
Hibernate: select exchangehi0_.id as id1_2_, exchangehi0_.change_from as change_f2_2_, exchangehi0_.change_to as change_t3_2_, exchangehi0_.changed_value as changed_4_2_, exchangehi0_.retrieved_value as retrieve5_2_, exchangehi0_.transaction_date as transact6_2_ from exchange_history exchangehi0_ where exchangehi0_.change_to=?
Hibernate: select exchangehi0_.id as id1_2_, exchangehi0_.change_from as change_f2_2_, exchangehi0_.change_to as change_t3_2_, exchangehi0_.changed_value as changed_4_2_, exchangehi0_.retrieved_value as retrieve5_2_, exchangehi0_.transaction_date as transact6_2_ from exchange_history exchangehi0_
Hibernate: select exchangehi0_.id as id1_2_, exchangehi0_.change_from as change_f2_2_, exchangehi0_.change_to as change_t3_2_, exchangehi0_.changed_value as changed_4_2_, exchangehi0_.retrieved_value as retrieve5_2_, exchangehi0_.transaction_date as transact6_2_ from exchange_history exchangehi0_ where exchangehi0_.transaction_date=?
Hibernate: select exchangehi0_.id as id1_2_, exchangehi0_.change_from as change_f2_2_, exchangehi0_.change_to as change_t3_2_, exchangehi0_.changed_value as changed_4_2_, exchangehi0_.retrieved_value as retrieve5_2_, exchangehi0_.transaction_date as transact6_2_ from exchange_history exchangehi0_ where exchangehi0_.transaction_date=?
Hibernate: select exchangehi0_.id as id1_2_, exchangehi0_.change_from as change_f2_2_, exchangehi0_.change_to as change_t3_2_, exchangehi0_.changed_value as changed_4_2_, exchangehi0_.retrieved_value as retrieve5_2_, exchangehi0_.transaction_date as transact6_2_ from exchange_history exchangehi0_ where exchangehi0_.transaction_date=?
Hibernate: select exchangehi0_.id as id1_2_, exchangehi0_.change_from as change_f2_2_, exchangehi0_.change_to as change_t3_2_, exchangehi0_.changed_value as changed_4_2_, exchangehi0_.retrieved_value as retrieve5_2_, exchangehi0_.transaction_date as transact6_2_ from exchange_history exchangehi0_ where exchangehi0_.transaction_date=?
Hibernate: select exchangehi0_.id as id1_2_, exchangehi0_.change_from as change_f2_2_, exchangehi0_.change_to as change_t3_2_, exchangehi0_.changed_value as changed_4_2_, exchangehi0_.retrieved_value as retrieve5_2_, exchangehi0_.transaction_date as transact6_2_ from exchange_history exchangehi0_
Hibernate: select exchangehi0_.id as id1_2_, exchangehi0_.change_from as change_f2_2_, exchangehi0_.change_to as change_t3_2_, exchangehi0_.changed_value as changed_4_2_, exchangehi0_.retrieved_value as retrieve5_2_, exchangehi0_.transaction_date as transact6_2_ from exchange_history exchangehi0_ where exchangehi0_.change_to=? and exchangehi0_.transaction_date=?
Hibernate: select exchangehi0_.id as id1_2_, exchangehi0_.change_from as change_f2_2_, exchangehi0_.change_to as change_t3_2_, exchangehi0_.changed_value as changed_4_2_, exchangehi0_.retrieved_value as retrieve5_2_, exchangehi0_.transaction_date as transact6_2_ from exchange_history exchangehi0_ where exchangehi0_.change_to=? and exchangehi0_.transaction_date=?
Hibernate: select exchangehi0_.id as id1_2_, exchangehi0_.change_from as change_f2_2_, exchangehi0_.change_to as change_t3_2_, exchangehi0_.changed_value as changed_4_2_, exchangehi0_.retrieved_value as retrieve5_2_, exchangehi0_.transaction_date as transact6_2_ from exchange_history exchangehi0_ where exchangehi0_.change_to=? and exchangehi0_.transaction_date=?
Hibernate: select exchangehi0_.id as id1_2_, exchangehi0_.change_from as change_f2_2_, exchangehi0_.change_to as change_t3_2_, exchangehi0_.changed_value as changed_4_2_, exchangehi0_.retrieved_value as retrieve5_2_, exchangehi0_.transaction_date as transact6_2_ from exchange_history exchangehi0_ where exchangehi0_.change_to=? and exchangehi0_.transaction_date=?
Hibernate: select exchangehi0_.id as id1_2_, exchangehi0_.change_from as change_f2_2_, exchangehi0_.change_to as change_t3_2_, exchangehi0_.changed_value as changed_4_2_, exchangehi0_.retrieved_value as retrieve5_2_, exchangehi0_.transaction_date as transact6_2_ from exchange_history exchangehi0_ where exchangehi0_.change_to=? and exchangehi0_.transaction_date=?
Hibernate: select exchangehi0_.id as id1_2_, exchangehi0_.change_from as change_f2_2_, exchangehi0_.change_to as change_t3_2_, exchangehi0_.changed_value as changed_4_2_, exchangehi0_.retrieved_value as retrieve5_2_, exchangehi0_.transaction_date as transact6_2_ from exchange_history exchangehi0_ where exchangehi0_.change_to=? and exchangehi0_.transaction_date=?
Hibernate: select exchangehi0_.id as id1_2_, exchangehi0_.change_from as change_f2_2_, exchangehi0_.change_to as change_t3_2_, exchangehi0_.changed_value as changed_4_2_, exchangehi0_.retrieved_value as retrieve5_2_, exchangehi0_.transaction_date as transact6_2_ from exchange_history exchangehi0_ where exchangehi0_.change_to=? and exchangehi0_.transaction_date=?
Hibernate: select exchangehi0_.id as id1_2_, exchangehi0_.change_from as change_f2_2_, exchangehi0_.change_to as change_t3_2_, exchangehi0_.changed_value as changed_4_2_, exchangehi0_.retrieved_value as retrieve5_2_, exchangehi0_.transaction_date as transact6_2_ from exchange_history exchangehi0_ where exchangehi0_.change_to=? and exchangehi0_.transaction_date=?
Hibernate: select exchangehi0_.id as id1_2_, exchangehi0_.change_from as change_f2_2_, exchangehi0_.change_to as change_t3_2_, exchangehi0_.changed_value as changed_4_2_, exchangehi0_.retrieved_value as retrieve5_2_, exchangehi0_.transaction_date as transact6_2_ from exchange_history exchangehi0_ where exchangehi0_.change_to=? and exchangehi0_.transaction_date=?
Hibernate: select exchangehi0_.id as id1_2_, exchangehi0_.change_from as change_f2_2_, exchangehi0_.change_to as change_t3_2_, exchangehi0_.changed_value as changed_4_2_, exchangehi0_.retrieved_value as retrieve5_2_, exchangehi0_.transaction_date as transact6_2_ from exchange_history exchangehi0_ where exchangehi0_.change_to=? and exchangehi0_.transaction_date=?
Hibernate: select exchangehi0_.id as id1_2_, exchangehi0_.change_from as change_f2_2_, exchangehi0_.change_to as change_t3_2_, exchangehi0_.changed_value as changed_4_2_, exchangehi0_.retrieved_value as retrieve5_2_, exchangehi0_.transaction_date as transact6_2_ from exchange_history exchangehi0_ where exchangehi0_.change_to=? and exchangehi0_.transaction_date=?
Hibernate: select exchangehi0_.id as id1_2_, exchangehi0_.change_from as change_f2_2_, exchangehi0_.change_to as change_t3_2_, exchangehi0_.changed_value as changed_4_2_, exchangehi0_.retrieved_value as retrieve5_2_, exchangehi0_.transaction_date as transact6_2_ from exchange_history exchangehi0_
Hibernate: insert into exchange_history (change_from, change_to, changed_value, retrieved_value, transaction_date) values (?, ?, ?, ?, ?)
Hibernate: select exchangehi0_.id as id1_2_, exchangehi0_.change_from as change_f2_2_, exchangehi0_.change_to as change_t3_2_, exchangehi0_.changed_value as changed_4_2_, exchangehi0_.retrieved_value as retrieve5_2_, exchangehi0_.transaction_date as transact6_2_ from exchange_history exchangehi0_ where exchangehi0_.change_from=?
Hibernate: insert into exchange_history (change_from, change_to, changed_value, retrieved_value, transaction_date) values (?, ?, ?, ?, ?)
Hibernate: select exchangehi0_.id as id1_2_, exchangehi0_.change_from as change_f2_2_, exchangehi0_.change_to as change_t3_2_, exchangehi0_.changed_value as changed_4_2_, exchangehi0_.retrieved_value as retrieve5_2_, exchangehi0_.transaction_date as transact6_2_ from exchange_history exchangehi0_
Hibernate: select exchangehi0_.id as id1_2_, exchangehi0_.change_from as change_f2_2_, exchangehi0_.change_to as change_t3_2_, exchangehi0_.changed_value as changed_4_2_, exchangehi0_.retrieved_value as retrieve5_2_, exchangehi0_.transaction_date as transact6_2_ from exchange_history exchangehi0_
Hibernate: select exchangehi0_.id as id1_2_, exchangehi0_.change_from as change_f2_2_, exchangehi0_.change_to as change_t3_2_, exchangehi0_.changed_value as changed_4_2_, exchangehi0_.retrieved_value as retrieve5_2_, exchangehi0_.transaction_date as transact6_2_ from exchange_history exchangehi0_ where exchangehi0_.change_from=? and exchangehi0_.transaction_date=?
Hibernate: select exchangehi0_.id as id1_2_, exchangehi0_.change_from as change_f2_2_, exchangehi0_.change_to as change_t3_2_, exchangehi0_.changed_value as changed_4_2_, exchangehi0_.retrieved_value as retrieve5_2_, exchangehi0_.transaction_date as transact6_2_ from exchange_history exchangehi0_ where exchangehi0_.change_from=? and exchangehi0_.transaction_date=?
Hibernate: select exchangehi0_.id as id1_2_, exchangehi0_.change_from as change_f2_2_, exchangehi0_.change_to as change_t3_2_, exchangehi0_.changed_value as changed_4_2_, exchangehi0_.retrieved_value as retrieve5_2_, exchangehi0_.transaction_date as transact6_2_ from exchange_history exchangehi0_ where exchangehi0_.change_from=? and exchangehi0_.transaction_date=?
Hibernate: select exchangehi0_.id as id1_2_, exchangehi0_.change_from as change_f2_2_, exchangehi0_.change_to as change_t3_2_, exchangehi0_.changed_value as changed_4_2_, exchangehi0_.retrieved_value as retrieve5_2_, exchangehi0_.transaction_date as transact6_2_ from exchange_history exchangehi0_ where exchangehi0_.change_from=? and exchangehi0_.transaction_date=?
Hibernate: select exchangehi0_.id as id1_2_, exchangehi0_.change_from as change_f2_2_, exchangehi0_.change_to as change_t3_2_, exchangehi0_.changed_value as changed_4_2_, exchangehi0_.retrieved_value as retrieve5_2_, exchangehi0_.transaction_date as transact6_2_ from exchange_history exchangehi0_ where exchangehi0_.change_from=? and exchangehi0_.transaction_date=?
Hibernate: select exchangehi0_.id as id1_2_, exchangehi0_.change_from as change_f2_2_, exchangehi0_.change_to as change_t3_2_, exchangehi0_.changed_value as changed_4_2_, exchangehi0_.retrieved_value as retrieve5_2_, exchangehi0_.transaction_date as transact6_2_ from exchange_history exchangehi0_ where exchangehi0_.change_from=? and exchangehi0_.transaction_date=?
Hibernate: select exchangehi0_.id as id1_2_, exchangehi0_.change_from as change_f2_2_, exchangehi0_.change_to as change_t3_2_, exchangehi0_.changed_value as changed_4_2_, exchangehi0_.retrieved_value as retrieve5_2_, exchangehi0_.transaction_date as transact6_2_ from exchange_history exchangehi0_ where exchangehi0_.change_from=? and exchangehi0_.transaction_date=?
Hibernate: select exchangehi0_.id as id1_2_, exchangehi0_.change_from as change_f2_2_, exchangehi0_.change_to as change_t3_2_, exchangehi0_.changed_value as changed_4_2_, exchangehi0_.retrieved_value as retrieve5_2_, exchangehi0_.transaction_date as transact6_2_ from exchange_history exchangehi0_ where exchangehi0_.change_from=? and exchangehi0_.transaction_date=?
Hibernate: select exchangehi0_.id as id1_2_, exchangehi0_.change_from as change_f2_2_, exchangehi0_.change_to as change_t3_2_, exchangehi0_.changed_value as changed_4_2_, exchangehi0_.retrieved_value as retrieve5_2_, exchangehi0_.transaction_date as transact6_2_ from exchange_history exchangehi0_ where exchangehi0_.change_from=? and exchangehi0_.transaction_date=?
Hibernate: select exchangehi0_.id as id1_2_, exchangehi0_.change_from as change_f2_2_, exchangehi0_.change_to as change_t3_2_, exchangehi0_.changed_value as changed_4_2_, exchangehi0_.retrieved_value as retrieve5_2_, exchangehi0_.transaction_date as transact6_2_ from exchange_history exchangehi0_ where exchangehi0_.change_from=? and exchangehi0_.transaction_date=?
Hibernate: select exchangehi0_.id as id1_2_, exchangehi0_.change_from as change_f2_2_, exchangehi0_.change_to as change_t3_2_, exchangehi0_.changed_value as changed_4_2_, exchangehi0_.retrieved_value as retrieve5_2_, exchangehi0_.transaction_date as transact6_2_ from exchange_history exchangehi0_ where exchangehi0_.change_from=? and exchangehi0_.transaction_date=?
Hibernate: select exchangehi0_.id as id1_2_, exchangehi0_.change_from as change_f2_2_, exchangehi0_.change_to as change_t3_2_, exchangehi0_.changed_value as changed_4_2_, exchangehi0_.retrieved_value as retrieve5_2_, exchangehi0_.transaction_date as transact6_2_ from exchange_history exchangehi0_
Hibernate: select exchangehi0_.id as id1_2_, exchangehi0_.change_from as change_f2_2_, exchangehi0_.change_to as change_t3_2_, exchangehi0_.changed_value as changed_4_2_, exchangehi0_.retrieved_value as retrieve5_2_, exchangehi0_.transaction_date as transact6_2_ from exchange_history exchangehi0_
Hibernate: select exchangehi0_.id as id1_2_, exchangehi0_.change_from as change_f2_2_, exchangehi0_.change_to as change_t3_2_, exchangehi0_.changed_value as changed_4_2_, exchangehi0_.retrieved_value as retrieve5_2_, exchangehi0_.transaction_date as transact6_2_ from exchange_history exchangehi0_
Hibernate: select exchangehi0_.id as id1_2_, exchangehi0_.change_from as change_f2_2_, exchangehi0_.change_to as change_t3_2_, exchangehi0_.changed_value as changed_4_2_, exchangehi0_.retrieved_value as retrieve5_2_, exchangehi0_.transaction_date as transact6_2_ from exchange_history exchangehi0_ where exchangehi0_.change_from=?
Hibernate: select exchangehi0_.id as id1_2_, exchangehi0_.change_from as change_f2_2_, exchangehi0_.change_to as change_t3_2_, exchangehi0_.changed_value as changed_4_2_, exchangehi0_.retrieved_value as retrieve5_2_, exchangehi0_.transaction_date as transact6_2_ from exchange_history exchangehi0_ where exchangehi0_.change_from=?
Hibernate: select exchangehi0_.id as id1_2_, exchangehi0_.change_from as change_f2_2_, exchangehi0_.change_to as change_t3_2_, exchangehi0_.changed_value as changed_4_2_, exchangehi0_.retrieved_value as retrieve5_2_, exchangehi0_.transaction_date as transact6_2_ from exchange_history exchangehi0_ where exchangehi0_.change_from=?
Hibernate: select exchangehi0_.id as id1_2_, exchangehi0_.change_from as change_f2_2_, exchangehi0_.change_to as change_t3_2_, exchangehi0_.changed_value as changed_4_2_, exchangehi0_.retrieved_value as retrieve5_2_, exchangehi0_.transaction_date as transact6_2_ from exchange_history exchangehi0_ where exchangehi0_.change_from=?
Hibernate: select exchangehi0_.id as id1_2_, exchangehi0_.change_from as change_f2_2_, exchangehi0_.change_to as change_t3_2_, exchangehi0_.changed_value as changed_4_2_, exchangehi0_.retrieved_value as retrieve5_2_, exchangehi0_.transaction_date as transact6_2_ from exchange_history exchangehi0_ where exchangehi0_.change_from=?
]]></system-out>
  <system-err><![CDATA[]]></system-err>
</testsuite>
