<?xml version="1.0" encoding="UTF-8"?>
<testsuite name="com.orange.exchange.service.cndcur.CdnCurExchangeServiceTest" tests="1" skipped="0" failures="0" errors="0" timestamp="2022-11-22T16:26:48" hostname="MDMOB40671" time="0.148">
  <properties/>
  <testcase name="exchangeCurrency()" classname="com.orange.exchange.service.cndcur.CdnCurExchangeServiceTest" time="0.148"/>
  <system-out><![CDATA[2022-11-22 18:26:48.890  INFO 34248 --- [    Test worker] .b.t.c.SpringBootTestContextBootstrapper : Neither @ContextConfiguration nor @ContextHierarchy found for test class [com.orange.exchange.service.cndcur.CdnCurExchangeServiceTest], using SpringBootContextLoader
2022-11-22 18:26:48.892  INFO 34248 --- [    Test worker] o.s.t.c.support.AbstractContextLoader    : Could not detect default resource locations for test class [com.orange.exchange.service.cndcur.CdnCurExchangeServiceTest]: no resource found for suffixes {-context.xml, Context.groovy}.
2022-11-22 18:26:48.896  INFO 34248 --- [    Test worker] t.c.s.AnnotationConfigContextLoaderUtils : Could not detect default configuration classes for test class [com.orange.exchange.service.cndcur.CdnCurExchangeServiceTest]: CdnCurExchangeServiceTest does not declare any static, non-private, non-final, nested classes annotated with @Configuration.
2022-11-22 18:26:48.912  INFO 34248 --- [    Test worker] .b.t.c.SpringBootTestContextBootstrapper : Found @SpringBootConfiguration com.orange.Application for test class com.orange.exchange.service.cndcur.CdnCurExchangeServiceTest
2022-11-22 18:26:48.915  INFO 34248 --- [    Test worker] .b.t.c.SpringBootTestContextBootstrapper : Loaded default TestExecutionListener class names from location [META-INF/spring.factories]: [org.springframework.boot.test.autoconfigure.restdocs.RestDocsTestExecutionListener, org.springframework.boot.test.autoconfigure.web.client.MockRestServiceServerResetTestExecutionListener, org.springframework.boot.test.autoconfigure.web.servlet.MockMvcPrintOnlyOnFailureTestExecutionListener, org.springframework.boot.test.autoconfigure.web.servlet.WebDriverTestExecutionListener, org.springframework.boot.test.autoconfigure.webservices.client.MockWebServiceServerTestExecutionListener, org.springframework.boot.test.mock.mockito.MockitoTestExecutionListener, org.springframework.boot.test.mock.mockito.ResetMocksTestExecutionListener, org.springframework.test.context.web.ServletTestExecutionListener, org.springframework.test.context.support.DirtiesContextBeforeModesTestExecutionListener, org.springframework.test.context.event.ApplicationEventsTestExecutionListener, org.springframework.test.context.support.DependencyInjectionTestExecutionListener, org.springframework.test.context.support.DirtiesContextTestExecutionListener, org.springframework.test.context.transaction.TransactionalTestExecutionListener, org.springframework.test.context.jdbc.SqlScriptsTestExecutionListener, org.springframework.test.context.event.EventPublishingTestExecutionListener]
2022-11-22 18:26:48.915  INFO 34248 --- [    Test worker] .b.t.c.SpringBootTestContextBootstrapper : Using TestExecutionListeners: [org.springframework.test.context.web.ServletTestExecutionListener@59de2e13, org.springframework.test.context.support.DirtiesContextBeforeModesTestExecutionListener@2cc753a0, org.springframework.test.context.event.ApplicationEventsTestExecutionListener@586e4706, org.springframework.boot.test.mock.mockito.MockitoTestExecutionListener@4ddbfab2, org.springframework.boot.test.autoconfigure.SpringBootDependencyInjectionTestExecutionListener@65ddebac, org.springframework.test.context.support.DirtiesContextTestExecutionListener@7391fee4, org.springframework.test.context.transaction.TransactionalTestExecutionListener@59edc1e7, org.springframework.test.context.jdbc.SqlScriptsTestExecutionListener@4b71be02, org.springframework.test.context.event.EventPublishingTestExecutionListener@41fbbc4b, org.springframework.boot.test.autoconfigure.restdocs.RestDocsTestExecutionListener@3de10c4e, org.springframework.boot.test.autoconfigure.web.client.MockRestServiceServerResetTestExecutionListener@ab410ec, org.springframework.boot.test.autoconfigure.web.servlet.MockMvcPrintOnlyOnFailureTestExecutionListener@4cf32e16, org.springframework.boot.test.autoconfigure.web.servlet.WebDriverTestExecutionListener@5076da27, org.springframework.boot.test.autoconfigure.webservices.client.MockWebServiceServerTestExecutionListener@65c03f1b, org.springframework.boot.test.mock.mockito.ResetMocksTestExecutionListener@4fd9603f]
Hibernate: select count(cdncurcurr0_.id) as col_0_0_ from cdn_cur_currency_rate cdncurcurr0_ where cdncurcurr0_.retrieved_date=?
Hibernate: select cdncurcurr0_.id as id1_0_, cdncurcurr0_.label as label2_0_, cdncurcurr0_.rate as rate3_0_, cdncurcurr0_.retrieved_date as retrieve4_0_ from cdn_cur_currency_rate cdncurcurr0_ where cdncurcurr0_.retrieved_date=?
Hibernate: insert into cdn_cur_currency_rate (label, rate, retrieved_date) values (?, ?, ?)
Hibernate: insert into cdn_cur_currency_rate (label, rate, retrieved_date) values (?, ?, ?)
Hibernate: insert into cdn_cur_currency_rate (label, rate, retrieved_date) values (?, ?, ?)
Hibernate: delete from cdn_cur_currency_rate where id=?
Hibernate: delete from cdn_cur_currency_rate where id=?
Hibernate: delete from cdn_cur_currency_rate where id=?
Hibernate: select cdncurcurr0_.id as id1_0_, cdncurcurr0_.label as label2_0_, cdncurcurr0_.rate as rate3_0_, cdncurcurr0_.retrieved_date as retrieve4_0_ from cdn_cur_currency_rate cdncurcurr0_ where cdncurcurr0_.label=? or cdncurcurr0_.label=? and cdncurcurr0_.retrieved_date=?
Hibernate: insert into exchange_history (change_from, change_to, changed_value, retrieved_value, transaction_date) values (?, ?, ?, ?, ?)
Hibernate: select cdncurcurr0_.id as id1_0_, cdncurcurr0_.label as label2_0_, cdncurcurr0_.rate as rate3_0_, cdncurcurr0_.retrieved_date as retrieve4_0_ from cdn_cur_currency_rate cdncurcurr0_ where cdncurcurr0_.label=? or cdncurcurr0_.label=? and cdncurcurr0_.retrieved_date=?
Hibernate: insert into exchange_history (change_from, change_to, changed_value, retrieved_value, transaction_date) values (?, ?, ?, ?, ?)
Hibernate: select cdncurcurr0_.id as id1_0_, cdncurcurr0_.label as label2_0_, cdncurcurr0_.rate as rate3_0_, cdncurcurr0_.retrieved_date as retrieve4_0_ from cdn_cur_currency_rate cdncurcurr0_ where cdncurcurr0_.label=? or cdncurcurr0_.label=? and cdncurcurr0_.retrieved_date=?
Hibernate: insert into exchange_history (change_from, change_to, changed_value, retrieved_value, transaction_date) values (?, ?, ?, ?, ?)
Hibernate: select cdncurcurr0_.id as id1_0_, cdncurcurr0_.label as label2_0_, cdncurcurr0_.rate as rate3_0_, cdncurcurr0_.retrieved_date as retrieve4_0_ from cdn_cur_currency_rate cdncurcurr0_ where cdncurcurr0_.label=? or cdncurcurr0_.label=? and cdncurcurr0_.retrieved_date=?
Hibernate: insert into exchange_history (change_from, change_to, changed_value, retrieved_value, transaction_date) values (?, ?, ?, ?, ?)
Hibernate: select cdncurcurr0_.id as id1_0_, cdncurcurr0_.label as label2_0_, cdncurcurr0_.rate as rate3_0_, cdncurcurr0_.retrieved_date as retrieve4_0_ from cdn_cur_currency_rate cdncurcurr0_ where cdncurcurr0_.label=? or cdncurcurr0_.label=? and cdncurcurr0_.retrieved_date=?
Hibernate: insert into exchange_history (change_from, change_to, changed_value, retrieved_value, transaction_date) values (?, ?, ?, ?, ?)
Hibernate: select cdncurcurr0_.id as id1_0_, cdncurcurr0_.label as label2_0_, cdncurcurr0_.rate as rate3_0_, cdncurcurr0_.retrieved_date as retrieve4_0_ from cdn_cur_currency_rate cdncurcurr0_ where cdncurcurr0_.label=? or cdncurcurr0_.label=? and cdncurcurr0_.retrieved_date=?
Hibernate: insert into exchange_history (change_from, change_to, changed_value, retrieved_value, transaction_date) values (?, ?, ?, ?, ?)
]]></system-out>
  <system-err><![CDATA[]]></system-err>
</testsuite>
