<?xml version="1.0" encoding="UTF-8"?>
<testsuite name="com.orange.exchange.service.currate.CurrateExchangeServiceTest" tests="1" skipped="0" failures="0" errors="0" timestamp="2022-11-22T16:26:49" hostname="MDMOB40671" time="0.208">
  <properties/>
  <testcase name="exchangeCurrency()" classname="com.orange.exchange.service.currate.CurrateExchangeServiceTest" time="0.208"/>
  <system-out><![CDATA[2022-11-22 18:26:49.072  INFO 34248 --- [    Test worker] .b.t.c.SpringBootTestContextBootstrapper : Neither @ContextConfiguration nor @ContextHierarchy found for test class [com.orange.exchange.service.currate.CurrateExchangeServiceTest], using SpringBootContextLoader
2022-11-22 18:26:49.074  INFO 34248 --- [    Test worker] o.s.t.c.support.AbstractContextLoader    : Could not detect default resource locations for test class [com.orange.exchange.service.currate.CurrateExchangeServiceTest]: no resource found for suffixes {-context.xml, Context.groovy}.
2022-11-22 18:26:49.076  INFO 34248 --- [    Test worker] t.c.s.AnnotationConfigContextLoaderUtils : Could not detect default configuration classes for test class [com.orange.exchange.service.currate.CurrateExchangeServiceTest]: CurrateExchangeServiceTest does not declare any static, non-private, non-final, nested classes annotated with @Configuration.
2022-11-22 18:26:49.132  INFO 34248 --- [    Test worker] .b.t.c.SpringBootTestContextBootstrapper : Found @SpringBootConfiguration com.orange.Application for test class com.orange.exchange.service.currate.CurrateExchangeServiceTest
2022-11-22 18:26:49.137  INFO 34248 --- [    Test worker] .b.t.c.SpringBootTestContextBootstrapper : Loaded default TestExecutionListener class names from location [META-INF/spring.factories]: [org.springframework.boot.test.autoconfigure.restdocs.RestDocsTestExecutionListener, org.springframework.boot.test.autoconfigure.web.client.MockRestServiceServerResetTestExecutionListener, org.springframework.boot.test.autoconfigure.web.servlet.MockMvcPrintOnlyOnFailureTestExecutionListener, org.springframework.boot.test.autoconfigure.web.servlet.WebDriverTestExecutionListener, org.springframework.boot.test.autoconfigure.webservices.client.MockWebServiceServerTestExecutionListener, org.springframework.boot.test.mock.mockito.MockitoTestExecutionListener, org.springframework.boot.test.mock.mockito.ResetMocksTestExecutionListener, org.springframework.test.context.web.ServletTestExecutionListener, org.springframework.test.context.support.DirtiesContextBeforeModesTestExecutionListener, org.springframework.test.context.event.ApplicationEventsTestExecutionListener, org.springframework.test.context.support.DependencyInjectionTestExecutionListener, org.springframework.test.context.support.DirtiesContextTestExecutionListener, org.springframework.test.context.transaction.TransactionalTestExecutionListener, org.springframework.test.context.jdbc.SqlScriptsTestExecutionListener, org.springframework.test.context.event.EventPublishingTestExecutionListener]
2022-11-22 18:26:49.141  INFO 34248 --- [    Test worker] .b.t.c.SpringBootTestContextBootstrapper : Using TestExecutionListeners: [org.springframework.test.context.web.ServletTestExecutionListener@2f6a0f9c, org.springframework.test.context.support.DirtiesContextBeforeModesTestExecutionListener@50274fbd, org.springframework.test.context.event.ApplicationEventsTestExecutionListener@4d9fa6ba, org.springframework.boot.test.mock.mockito.MockitoTestExecutionListener@2a739459, org.springframework.boot.test.autoconfigure.SpringBootDependencyInjectionTestExecutionListener@559a7864, org.springframework.test.context.support.DirtiesContextTestExecutionListener@3faa8fcd, org.springframework.test.context.transaction.TransactionalTestExecutionListener@fb054f4, org.springframework.test.context.jdbc.SqlScriptsTestExecutionListener@3957c807, org.springframework.test.context.event.EventPublishingTestExecutionListener@3f88de11, org.springframework.boot.test.autoconfigure.restdocs.RestDocsTestExecutionListener@5437eaca, org.springframework.boot.test.autoconfigure.web.client.MockRestServiceServerResetTestExecutionListener@592d034c, org.springframework.boot.test.autoconfigure.web.servlet.MockMvcPrintOnlyOnFailureTestExecutionListener@5e3def9e, org.springframework.boot.test.autoconfigure.web.servlet.WebDriverTestExecutionListener@273cca1e, org.springframework.boot.test.autoconfigure.webservices.client.MockWebServiceServerTestExecutionListener@4cb61589, org.springframework.boot.test.mock.mockito.ResetMocksTestExecutionListener@7db05830]
Hibernate: select count(curratecur0_.id) as col_0_0_ from currate_currency_rate curratecur0_ where curratecur0_.retrieved_date=?
Hibernate: select curratecur0_.id as id1_1_, curratecur0_.label as label2_1_, curratecur0_.rate as rate3_1_, curratecur0_.retrieved_date as retrieve4_1_ from currate_currency_rate curratecur0_ where curratecur0_.retrieved_date=?
Hibernate: insert into currate_currency_rate (label, rate, retrieved_date) values (?, ?, ?)
Hibernate: insert into currate_currency_rate (label, rate, retrieved_date) values (?, ?, ?)
Hibernate: insert into currate_currency_rate (label, rate, retrieved_date) values (?, ?, ?)
Hibernate: insert into currate_currency_rate (label, rate, retrieved_date) values (?, ?, ?)
Hibernate: insert into currate_currency_rate (label, rate, retrieved_date) values (?, ?, ?)
Hibernate: insert into currate_currency_rate (label, rate, retrieved_date) values (?, ?, ?)
Hibernate: insert into currate_currency_rate (label, rate, retrieved_date) values (?, ?, ?)
Hibernate: delete from currate_currency_rate where id=?
Hibernate: delete from currate_currency_rate where id=?
Hibernate: delete from currate_currency_rate where id=?
Hibernate: select curratecur0_.id as id1_1_, curratecur0_.label as label2_1_, curratecur0_.rate as rate3_1_, curratecur0_.retrieved_date as retrieve4_1_ from currate_currency_rate curratecur0_ where (curratecur0_.label like ? escape ?) and curratecur0_.retrieved_date=?
Hibernate: insert into exchange_history (change_from, change_to, changed_value, retrieved_value, transaction_date) values (?, ?, ?, ?, ?)
Hibernate: select curratecur0_.id as id1_1_, curratecur0_.label as label2_1_, curratecur0_.rate as rate3_1_, curratecur0_.retrieved_date as retrieve4_1_ from currate_currency_rate curratecur0_ where (curratecur0_.label like ? escape ?) and curratecur0_.retrieved_date=?
Hibernate: insert into exchange_history (change_from, change_to, changed_value, retrieved_value, transaction_date) values (?, ?, ?, ?, ?)
Hibernate: select curratecur0_.id as id1_1_, curratecur0_.label as label2_1_, curratecur0_.rate as rate3_1_, curratecur0_.retrieved_date as retrieve4_1_ from currate_currency_rate curratecur0_ where (curratecur0_.label like ? escape ?) and curratecur0_.retrieved_date=?
Hibernate: insert into exchange_history (change_from, change_to, changed_value, retrieved_value, transaction_date) values (?, ?, ?, ?, ?)
Hibernate: select curratecur0_.id as id1_1_, curratecur0_.label as label2_1_, curratecur0_.rate as rate3_1_, curratecur0_.retrieved_date as retrieve4_1_ from currate_currency_rate curratecur0_ where (curratecur0_.label like ? escape ?) and curratecur0_.retrieved_date=?
Hibernate: insert into exchange_history (change_from, change_to, changed_value, retrieved_value, transaction_date) values (?, ?, ?, ?, ?)
Hibernate: select curratecur0_.id as id1_1_, curratecur0_.label as label2_1_, curratecur0_.rate as rate3_1_, curratecur0_.retrieved_date as retrieve4_1_ from currate_currency_rate curratecur0_ where (curratecur0_.label like ? escape ?) and curratecur0_.retrieved_date=?
Hibernate: insert into exchange_history (change_from, change_to, changed_value, retrieved_value, transaction_date) values (?, ?, ?, ?, ?)
Hibernate: select curratecur0_.id as id1_1_, curratecur0_.label as label2_1_, curratecur0_.rate as rate3_1_, curratecur0_.retrieved_date as retrieve4_1_ from currate_currency_rate curratecur0_ where (curratecur0_.label like ? escape ?) and curratecur0_.retrieved_date=?
Hibernate: insert into exchange_history (change_from, change_to, changed_value, retrieved_value, transaction_date) values (?, ?, ?, ?, ?)
]]></system-out>
  <system-err><![CDATA[]]></system-err>
</testsuite>
